<?xml version="1.0" encoding="UTF-8"?>
<!-- Generated by org.testng.reporters.JUnitReportReporter -->
<testsuite hostname="DESKTOP-UE4SG0D" failures="0" tests="1" name="testpack.VerifyCreateAccount" time="12.117" errors="0" timestamp="2022-11-04T21:34:52 IST" skipped="0">
  <testcase classname="testpack.VerifyCreateAccount" name="VerifyTheCreateAccount" time="12.117"/>
  <system-out/>
</testsuite> <!-- testpack.VerifyCreateAccount -->
