<?xml version="1.0" encoding="UTF-8"?>
<!-- Generated by org.testng.reporters.JUnitReportReporter -->
<testsuite hostname="DESKTOP-UE4SG0D" failures="0" tests="3" name="testpack.testclassReturntomessenge" time="25.611" errors="0" timestamp="2022-11-05T23:23:27 IST" skipped="0">
  <testcase classname="testpack.testclassReturntomessenge" name="VerifyReturnMassenger" time="7.373"/>
  <system-out/>
  <testcase classname="testpack.testclassReturntomessenge" name="VerifyReturnMassenger" time="9.311"/>
  <system-out/>
  <testcase classname="testpack.testclassReturntomessenge" name="VerifyReturnMassenger" time="8.927"/>
  <system-out/>
</testsuite> <!-- testpack.testclassReturntomessenge -->
